Initialized native services in: C:\Users\SamuelXD\.gradle\native
Initialized jansi services in: C:\Users\SamuelXD\.gradle\native
Found daemon DaemonInfo{pid=20224, address=[2590cc59-07ac-45ae-a43a-1be023497836 port:59239, addresses:[/127.0.0.1]], state=Idle, lastBusy=1770517460431, context=DefaultDaemonContext[uid=8115b3bc-a986-4b7b-b2e9-4e38483b6cd3,javaHome=C:\Program Files\Android\Android Studio\jbr,javaVersion=21,javaVendor=JetBrains s.r.o.,daemonRegistryDir=C:\Users\SamuelXD\.gradle\daemon,pid=20224,idleTimeout=10800000,priority=NORMAL,applyInstrumentationAgent=true,nativeServicesMode=ENABLED,daemonOpts=-Xmx2048m,-Dfile.encoding=UTF-8,-Duser.country=BR,-Duser.language=pt,-Duser.variant]} however its context does not match the desired criteria.
JVM is incompatible.
Wanted: DaemonRequestContext{jvmCriteria=C:\Program Files\Java\jdk-17 (no JDK specified, using current Java home), daemonOpts=[-Xmx2048m, -Dfile.encoding=UTF-8, -Duser.country=BR, -Duser.language=pt, -Duser.variant], applyInstrumentationAgent=true, nativeServicesMode=ENABLED, priority=NORMAL}
Actual: DefaultDaemonContext[uid=8115b3bc-a986-4b7b-b2e9-4e38483b6cd3,javaHome=C:\Program Files\Android\Android Studio\jbr,javaVersion=21,javaVendor=JetBrains s.r.o.,daemonRegistryDir=C:\Users\SamuelXD\.gradle\daemon,pid=20224,idleTimeout=10800000,priority=NORMAL,applyInstrumentationAgent=true,nativeServicesMode=ENABLED,daemonOpts=-Xmx2048m,-Dfile.encoding=UTF-8,-Duser.country=BR,-Duser.language=pt,-Duser.variant]

  Looking for a different daemon...
The client will now receive all logging from the daemon (pid: 9356). The daemon log file: C:\Users\SamuelXD\.gradle\daemon\9.0-milestone-1\daemon-9356.out.log
Starting 20th build in daemon [uptime: 4 hrs 54 mins 53.121 secs, performance: 100%, GC rate: 0.00/s, heap usage: 0% of 2 GiB]
Using 16 worker leases.
Now considering [C:\Users\SamuelXD\Desktop\MEUS_PROJETOS\PAR_OU_IMPAR_DECODER_MOBILE] as hierarchies to watch
Watching the file system is configured to be enabled if available
File system watching is active
Starting Build
Settings evaluated using settings file 'C:\Users\SamuelXD\Desktop\MEUS_PROJETOS\PAR_OU_IMPAR_DECODER_MOBILE\settings.gradle.kts'.
Projects loaded. Root project using build file 'C:\Users\SamuelXD\Desktop\MEUS_PROJETOS\PAR_OU_IMPAR_DECODER_MOBILE\build.gradle.kts'.
Included projects: [root project 'ParImparDecoderMobile', project ':app']

> Configure project :
Evaluating root project 'ParImparDecoderMobile' using build file 'C:\Users\SamuelXD\Desktop\MEUS_PROJETOS\PAR_OU_IMPAR_DECODER_MOBILE\build.gradle.kts'.
Resolved plugin [id: 'com.android.application', version: '8.2.0', apply: false]
Resolved plugin [id: 'org.jetbrains.kotlin.android', version: '1.9.0', apply: false]
Resolved plugin [id: 'org.jetbrains.kotlin.plugin.serialization', version: '1.9.0', apply: false]

> Configure project :app
Evaluating project ':app' using build file 'C:\Users\SamuelXD\Desktop\MEUS_PROJETOS\PAR_OU_IMPAR_DECODER_MOBILE\app\build.gradle.kts'.
Resolved plugin [id: 'com.android.application']
Resolved plugin [id: 'org.jetbrains.kotlin.android']
Resolved plugin [id: 'org.jetbrains.kotlin.plugin.serialization']
Using default execution profile
Using Kotlin Gradle Plugin gradle81 variant
All projects evaluated.
Task name matched 'compileDebugKotlin'
Selected primary task 'compileDebugKotlin' from project :
Tasks to be executed: [task ':app:preBuild', task ':app:preDebugBuild', task ':app:checkDebugAarMetadata', task ':app:generateDebugResValues', task ':app:mapDebugSourceSetPaths', task ':app:generateDebugResources', task ':app:mergeDebugResources', task ':app:packageDebugResources', task ':app:parseDebugLocalResources', task ':app:createDebugCompatibleScreenManifests', task ':app:extractDeepLinksDebug', task ':app:processDebugMainManifest', task ':app:processDebugManifest', task ':app:processDebugManifestForPackage', task ':app:processDebugResources', task ':app:compileDebugKotlin']
Tasks that were excluded: []
Resolve mutations for :app:preBuild (Thread[Execution worker,5,main]) started.
:app:preBuild (Thread[Execution worker,5,main]) started.

> Task :app:preBuild UP-TO-DATE
Skipping task ':app:preBuild' as it has no actions.
Resolve mutations for :app:preDebugBuild (Thread[Execution worker,5,main]) started.
:app:preDebugBuild (Thread[Execution worker,5,main]) started.

> Task :app:preDebugBuild UP-TO-DATE
Skipping task ':app:preDebugBuild' as it has no actions.
Resolve mutations for :app:checkDebugAarMetadata (Thread[Execution worker,5,main]) started.
:app:checkDebugAarMetadata (Thread[Execution worker Thread 7,5,main]) started.

> Task :app:checkDebugAarMetadata UP-TO-DATE
Caching disabled for task ':app:checkDebugAarMetadata' because:
  Build cache is disabled
  Caching has been disabled for the task
Skipping task ':app:checkDebugAarMetadata' as it is up-to-date.
Resolve mutations for :app:generateDebugResValues (Thread[Execution worker Thread 7,5,main]) started.
:app:generateDebugResValues (Thread[Execution worker Thread 7,5,main]) started.

> Task :app:generateDebugResValues UP-TO-DATE
Caching disabled for task ':app:generateDebugResValues' because:
  Build cache is disabled
Skipping task ':app:generateDebugResValues' as it is up-to-date.
Resolve mutations for :app:mapDebugSourceSetPaths (Thread[Execution worker Thread 7,5,main]) started.
:app:mapDebugSourceSetPaths (Thread[Execution worker Thread 7,5,main]) started.

> Task :app:mapDebugSourceSetPaths UP-TO-DATE
Caching disabled for task ':app:mapDebugSourceSetPaths' because:
  Build cache is disabled
  Caching has been disabled for the task
Skipping task ':app:mapDebugSourceSetPaths' as it is up-to-date.
Resolve mutations for :app:generateDebugResources (Thread[Execution worker Thread 7,5,main]) started.
:app:generateDebugResources (Thread[Execution worker Thread 7,5,main]) started.

> Task :app:generateDebugResources UP-TO-DATE
Skipping task ':app:generateDebugResources' as it has no actions.
Resolve mutations for :app:mergeDebugResources (Thread[Execution worker Thread 7,5,main]) started.
:app:mergeDebugResources (Thread[Execution worker Thread 7,5,main]) started.

> Task :app:mergeDebugResources UP-TO-DATE
Caching disabled for task ':app:mergeDebugResources' because:
  Build cache is disabled
Skipping task ':app:mergeDebugResources' as it is up-to-date.
Resolve mutations for :app:packageDebugResources (Thread[Execution worker Thread 7,5,main]) started.
:app:packageDebugResources (Thread[Execution worker Thread 7,5,main]) started.

> Task :app:packageDebugResources UP-TO-DATE
Caching disabled for task ':app:packageDebugResources' because:
  Build cache is disabled
Skipping task ':app:packageDebugResources' as it is up-to-date.
Resolve mutations for :app:parseDebugLocalResources (Thread[Execution worker Thread 7,5,main]) started.
:app:parseDebugLocalResources (Thread[Execution worker Thread 7,5,main]) started.

> Task :app:parseDebugLocalResources UP-TO-DATE
Caching disabled for task ':app:parseDebugLocalResources' because:
  Build cache is disabled
Skipping task ':app:parseDebugLocalResources' as it is up-to-date.
Resolve mutations for :app:createDebugCompatibleScreenManifests (Thread[Execution worker Thread 7,5,main]) started.
:app:createDebugCompatibleScreenManifests (Thread[Execution worker Thread 7,5,main]) started.

> Task :app:createDebugCompatibleScreenManifests UP-TO-DATE
Caching disabled for task ':app:createDebugCompatibleScreenManifests' because:
  Build cache is disabled
  Caching has been disabled for the task
Skipping task ':app:createDebugCompatibleScreenManifests' as it is up-to-date.
Resolve mutations for :app:extractDeepLinksDebug (Thread[Execution worker Thread 7,5,main]) started.
:app:extractDeepLinksDebug (Thread[Execution worker Thread 7,5,main]) started.

> Task :app:extractDeepLinksDebug UP-TO-DATE
Caching disabled for task ':app:extractDeepLinksDebug' because:
  Build cache is disabled
Skipping task ':app:extractDeepLinksDebug' as it is up-to-date.
Resolve mutations for :app:processDebugMainManifest (Thread[Execution worker Thread 7,5,main]) started.
:app:processDebugMainManifest (Thread[Execution worker Thread 7,5,main]) started.

> Task :app:processDebugMainManifest UP-TO-DATE
Caching disabled for task ':app:processDebugMainManifest' because:
  Build cache is disabled
Skipping task ':app:processDebugMainManifest' as it is up-to-date.
Resolve mutations for :app:processDebugManifest (Thread[Execution worker Thread 7,5,main]) started.
:app:processDebugManifest (Thread[Execution worker Thread 7,5,main]) started.

> Task :app:processDebugManifest UP-TO-DATE
Caching disabled for task ':app:processDebugManifest' because:
  Build cache is disabled
Skipping task ':app:processDebugManifest' as it is up-to-date.
Resolve mutations for :app:processDebugManifestForPackage (Thread[Execution worker Thread 7,5,main]) started.
:app:processDebugManifestForPackage (Thread[Execution worker Thread 7,5,main]) started.

> Task :app:processDebugManifestForPackage UP-TO-DATE
Custom actions are attached to task ':app:processDebugManifestForPackage'.
Caching disabled for task ':app:processDebugManifestForPackage' because:
  Build cache is disabled
Skipping task ':app:processDebugManifestForPackage' as it is up-to-date.
Resolve mutations for :app:processDebugResources (Thread[Execution worker Thread 7,5,main]) started.
:app:processDebugResources (Thread[Execution worker Thread 7,5,main]) started.

> Task :app:processDebugResources UP-TO-DATE
Caching disabled for task ':app:processDebugResources' because:
  Build cache is disabled
Skipping task ':app:processDebugResources' as it is up-to-date.
Resolve mutations for :app:compileDebugKotlin (Thread[Execution worker Thread 7,5,main]) started.
:app:compileDebugKotlin (Thread[Execution worker Thread 7,5,main]) started.

> Task :app:compileDebugKotlin
Caching disabled for task ':app:compileDebugKotlin' because:
  Build cache is disabled
Task ':app:compileDebugKotlin' is not up-to-date because:
  Task has failed previously.
The input changes require a full rebuild for incremental task ':app:compileDebugKotlin'.
file or directory 'C:\Users\SamuelXD\Desktop\MEUS_PROJETOS\PAR_OU_IMPAR_DECODER_MOBILE\app\src\debug\kotlin', not found
file or directory 'C:\Users\SamuelXD\Desktop\MEUS_PROJETOS\PAR_OU_IMPAR_DECODER_MOBILE\app\src\debug\kotlin', not found
file or directory 'C:\Users\SamuelXD\Desktop\MEUS_PROJETOS\PAR_OU_IMPAR_DECODER_MOBILE\app\src\debug\java', not found
file or directory 'C:\Users\SamuelXD\Desktop\MEUS_PROJETOS\PAR_OU_IMPAR_DECODER_MOBILE\app\src\debug\kotlin', not found
file or directory 'C:\Users\SamuelXD\Desktop\MEUS_PROJETOS\PAR_OU_IMPAR_DECODER_MOBILE\app\src\debug\java', not found
file or directory 'C:\Users\SamuelXD\Desktop\MEUS_PROJETOS\PAR_OU_IMPAR_DECODER_MOBILE\app\src\main\kotlin', not found
file or directory 'C:\Users\SamuelXD\Desktop\MEUS_PROJETOS\PAR_OU_IMPAR_DECODER_MOBILE\app\src\main\kotlin', not found
file or directory 'C:\Users\SamuelXD\Desktop\MEUS_PROJETOS\PAR_OU_IMPAR_DECODER_MOBILE\app\src\main\kotlin', not found
file or directory 'C:\Users\SamuelXD\Desktop\MEUS_PROJETOS\PAR_OU_IMPAR_DECODER_MOBILE\app\src\debug\java', not found
file or directory 'C:\Users\SamuelXD\Desktop\MEUS_PROJETOS\PAR_OU_IMPAR_DECODER_MOBILE\app\src\debug\kotlin', not found
file or directory 'C:\Users\SamuelXD\Desktop\MEUS_PROJETOS\PAR_OU_IMPAR_DECODER_MOBILE\app\src\debug\kotlin', not found
file or directory 'C:\Users\SamuelXD\Desktop\MEUS_PROJETOS\PAR_OU_IMPAR_DECODER_MOBILE\app\src\debug\java', not found
file or directory 'C:\Users\SamuelXD\Desktop\MEUS_PROJETOS\PAR_OU_IMPAR_DECODER_MOBILE\app\src\debug\kotlin', not found
file or directory 'C:\Users\SamuelXD\Desktop\MEUS_PROJETOS\PAR_OU_IMPAR_DECODER_MOBILE\app\src\debug\java', not found
file or directory 'C:\Users\SamuelXD\Desktop\MEUS_PROJETOS\PAR_OU_IMPAR_DECODER_MOBILE\app\src\main\kotlin', not found
file or directory 'C:\Users\SamuelXD\Desktop\MEUS_PROJETOS\PAR_OU_IMPAR_DECODER_MOBILE\app\src\main\kotlin', not found
file or directory 'C:\Users\SamuelXD\Desktop\MEUS_PROJETOS\PAR_OU_IMPAR_DECODER_MOBILE\app\src\debug\kotlin', not found
file or directory 'C:\Users\SamuelXD\Desktop\MEUS_PROJETOS\PAR_OU_IMPAR_DECODER_MOBILE\app\src\debug\kotlin', not found
file or directory 'C:\Users\SamuelXD\Desktop\MEUS_PROJETOS\PAR_OU_IMPAR_DECODER_MOBILE\app\src\debug\java', not found
file or directory 'C:\Users\SamuelXD\Desktop\MEUS_PROJETOS\PAR_OU_IMPAR_DECODER_MOBILE\app\src\debug\kotlin', not found
file or directory 'C:\Users\SamuelXD\Desktop\MEUS_PROJETOS\PAR_OU_IMPAR_DECODER_MOBILE\app\src\debug\java', not found
file or directory 'C:\Users\SamuelXD\Desktop\MEUS_PROJETOS\PAR_OU_IMPAR_DECODER_MOBILE\app\src\main\kotlin', not found
file or directory 'C:\Users\SamuelXD\Desktop\MEUS_PROJETOS\PAR_OU_IMPAR_DECODER_MOBILE\app\src\main\kotlin', not found
file or directory 'C:\Users\SamuelXD\Desktop\MEUS_PROJETOS\PAR_OU_IMPAR_DECODER_MOBILE\app\src\main\kotlin', not found
file or directory 'C:\Users\SamuelXD\Desktop\MEUS_PROJETOS\PAR_OU_IMPAR_DECODER_MOBILE\app\src\debug\java', not found
file or directory 'C:\Users\SamuelXD\Desktop\MEUS_PROJETOS\PAR_OU_IMPAR_DECODER_MOBILE\app\src\debug\kotlin', not found
file or directory 'C:\Users\SamuelXD\Desktop\MEUS_PROJETOS\PAR_OU_IMPAR_DECODER_MOBILE\app\src\debug\kotlin', not found
file or directory 'C:\Users\SamuelXD\Desktop\MEUS_PROJETOS\PAR_OU_IMPAR_DECODER_MOBILE\app\src\debug\java', not found
file or directory 'C:\Users\SamuelXD\Desktop\MEUS_PROJETOS\PAR_OU_IMPAR_DECODER_MOBILE\app\src\debug\kotlin', not found
file or directory 'C:\Users\SamuelXD\Desktop\MEUS_PROJETOS\PAR_OU_IMPAR_DECODER_MOBILE\app\src\debug\java', not found
file or directory 'C:\Users\SamuelXD\Desktop\MEUS_PROJETOS\PAR_OU_IMPAR_DECODER_MOBILE\app\src\main\kotlin', not found
file or directory 'C:\Users\SamuelXD\Desktop\MEUS_PROJETOS\PAR_OU_IMPAR_DECODER_MOBILE\app\src\main\kotlin', not found
file or directory 'C:\Users\SamuelXD\Desktop\MEUS_PROJETOS\PAR_OU_IMPAR_DECODER_MOBILE\app\src\main\kotlin', not found
file or directory 'C:\Users\SamuelXD\Desktop\MEUS_PROJETOS\PAR_OU_IMPAR_DECODER_MOBILE\app\src\debug\java', not found
file or directory 'C:\Users\SamuelXD\Desktop\MEUS_PROJETOS\PAR_OU_IMPAR_DECODER_MOBILE\app\src\debug\kotlin', not found
file or directory 'C:\Users\SamuelXD\Desktop\MEUS_PROJETOS\PAR_OU_IMPAR_DECODER_MOBILE\app\src\debug\kotlin', not found
file or directory 'C:\Users\SamuelXD\Desktop\MEUS_PROJETOS\PAR_OU_IMPAR_DECODER_MOBILE\app\src\debug\java', not found
file or directory 'C:\Users\SamuelXD\Desktop\MEUS_PROJETOS\PAR_OU_IMPAR_DECODER_MOBILE\app\src\debug\kotlin', not found
file or directory 'C:\Users\SamuelXD\Desktop\MEUS_PROJETOS\PAR_OU_IMPAR_DECODER_MOBILE\app\src\debug\java', not found
file or directory 'C:\Users\SamuelXD\Desktop\MEUS_PROJETOS\PAR_OU_IMPAR_DECODER_MOBILE\app\src\main\kotlin', not found
file or directory 'C:\Users\SamuelXD\Desktop\MEUS_PROJETOS\PAR_OU_IMPAR_DECODER_MOBILE\app\src\main\kotlin', not found
file or directory 'C:\Users\SamuelXD\Desktop\MEUS_PROJETOS\PAR_OU_IMPAR_DECODER_MOBILE\app\src\main\kotlin', not found
file or directory 'C:\Users\SamuelXD\Desktop\MEUS_PROJETOS\PAR_OU_IMPAR_DECODER_MOBILE\app\src\debug\java', not found
Kotlin source files: C:\Users\SamuelXD\Desktop\MEUS_PROJETOS\PAR_OU_IMPAR_DECODER_MOBILE\app\src\main\java\com\deriv\parimpar\BotService.kt, C:\Users\SamuelXD\Desktop\MEUS_PROJETOS\PAR_OU_IMPAR_DECODER_MOBILE\app\src\main\java\com\deriv\parimpar\ConfigRepository.kt, C:\Users\SamuelXD\Desktop\MEUS_PROJETOS\PAR_OU_IMPAR_DECODER_MOBILE\app\src\main\java\com\deriv\parimpar\DerivWSClient.kt, C:\Users\SamuelXD\Desktop\MEUS_PROJETOS\PAR_OU_IMPAR_DECODER_MOBILE\app\src\main\java\com\deriv\parimpar\MainActivity.kt, C:\Users\SamuelXD\Desktop\MEUS_PROJETOS\PAR_OU_IMPAR_DECODER_MOBILE\app\src\main\java\com\deriv\parimpar\MainViewModel.kt, C:\Users\SamuelXD\Desktop\MEUS_PROJETOS\PAR_OU_IMPAR_DECODER_MOBILE\app\src\main\java\com\deriv\parimpar\Models.kt, C:\Users\SamuelXD\Desktop\MEUS_PROJETOS\PAR_OU_IMPAR_DECODER_MOBILE\app\src\main\java\com\deriv\parimpar\TradingEngine.kt, C:\Users\SamuelXD\Desktop\MEUS_PROJETOS\PAR_OU_IMPAR_DECODER_MOBILE\app\src\main\java\com\deriv\parimpar\ui\MainScreen.kt
Java source files: 
Script source files: 
Script file extensions: 
Using Kotlin/JVM incremental compilation
[KOTLIN] Kotlin compilation 'jdkHome' argument: null
i: found daemon on port 17417 (7559056 ms old), trying to connect
i: connected to the daemon
Options for KOTLIN DAEMON: IncrementalCompilationOptions(super=CompilationOptions(compilerMode=INCREMENTAL_COMPILER, targetPlatform=JVM, reportCategories=[0, 3], reportSeverity=2, requestedCompilationResults=[0], kotlinScriptExtensions=[]), areFileChangesKnown=false, modifiedFiles=null, deletedFiles=null, classpathChanges=NotAvailableForNonIncrementalRun, workingDir=C:\Users\SamuelXD\Desktop\MEUS_PROJETOS\PAR_OU_IMPAR_DECODER_MOBILE\app\build\kotlin\compileDebugKotlin\cacheable, multiModuleICSettings=MultiModuleICSettings(buildHistoryFile=C:\Users\SamuelXD\Desktop\MEUS_PROJETOS\PAR_OU_IMPAR_DECODER_MOBILE\app\build\kotlin\compileDebugKotlin\local-state\build-history.bin, useModuleDetection=true), usePreciseJavaTracking=true, outputFiles=[C:\Users\SamuelXD\Desktop\MEUS_PROJETOS\PAR_OU_IMPAR_DECODER_MOBILE\app\build\tmp\kotlin-classes\debug, C:\Users\SamuelXD\Desktop\MEUS_PROJETOS\PAR_OU_IMPAR_DECODER_MOBILE\app\build\kotlin\compileDebugKotlin\cacheable, C:\Users\SamuelXD\Desktop\MEUS_PROJETOS\PAR_OU_IMPAR_DECODER_MOBILE\app\build\kotlin\compileDebugKotlin\local-state])
.\gradlew.bat : e: file:///C:/Users/SamuelXD
/Desktop/MEUS_PROJETOS/PAR_OU_IMPAR_DECODER_
MOBILE/app/src/main/java/com/deriv/parimpar/
TradingEngine.kt:93:9 Unresolved reference: 
activeContracts
No linha:1 caractere:1
+ .\gradlew.bat compileDebugKotlin --info 
2>&1 | Out-File -FilePath "bu ...
+ 
~~~~~~~~~~~~~~~~~~~~~~~~~~~~~~~~~~~~~~~~~~~~
    + CategoryInfo          : NotSpecified: 
    (e: file:///C:/U...activeContracts:Str  
  ing) [], RemoteException
    + FullyQualifiedErrorId : NativeCommand 
   Error
 
e: file:///C:/Users/SamuelXD/Desktop/MEUS_PR
OJETOS/PAR_OU_IMPAR_DECODER_MOBILE/app/src/m
ain/java/com/deriv/parimpar/TradingEngine.kt
:380:16 Unresolved reference: 
activeContracts

> Task :app:compileDebugKotlin FAILED

[Incubating] Problems report is available at: file:///C:/Users/SamuelXD/Desktop/MEUS_PROJETOS/PAR_OU_IMPAR_DECODER_MOBILE/build/reports/problems/problems-report.html

FAILURE: Build failed with an exception.

* What went wrong:
Execution failed for task 
':app:compileDebugKotlin'.
> A failure occurred while executing org.jet
brains.kotlin.compilerRunner.GradleCompilerR
unnerWithWorkers$GradleKotlinCompilerWorkAct
ion
   > Compilation error. See log for more 
details

* Try:
> Run with --stacktrace option to get the 
stack trace.
> Run with --debug option to get more log 
output.
> Run with --scan to get full insights.
> Get more help at https://help.gradle.org.

Deprecated Gradle features were used in this build, making it incompatible with Gradle 10.0.

You can use '--warning-mode all' to show the individual deprecation warnings and determine if they come from your own scripts or plugins.

For more on this, please refer to https://docs.gradle.org/9.0-milestone-1/userguide/command_line_interface.html#sec:command_line_warnings in the Gradle documentation.

BUILD FAILED in 5s
13 actionable tasks: 1 executed, 12 up-to-date
Watched directory hierarchies: [C:\Users\SamuelXD\Desktop\MEUS_PROJETOS\PAR_OU_IMPAR_DECODER_MOBILE]
